<?xml version="1.0" encoding="UTF-8" standalone="yes"?><!DOCTYPE report PUBLIC "-//JACOCO//DTD Report 1.1//EN" "report.dtd"><report name="calculator"><sessioninfo id="1R-26-3e37d0b6" start="1737625308041" dump="1737625309034"/><sessioninfo id="1R-26-18e36663" start="1737625321011" dump="1737625321967"/><package name="com/dummy"><class name="com/dummy/Calculator" sourcefilename="Calculator.java"><method name="&lt;init&gt;" desc="()V" line="3"><counter type="INSTRUCTION" missed="0" covered="3"/><counter type="LINE" missed="0" covered="1"/><counter type="COMPLEXITY" missed="0" covered="1"/><counter type="METHOD" missed="0" covered="1"/></method><method name="main" desc="([Ljava/lang/String;)V" line="5"><counter type="INSTRUCTION" missed="4" covered="0"/><counter type="LINE" missed="2" covered="0"/><counter type="COMPLEXITY" missed="1" covered="0"/><counter type="METHOD" missed="1" covered="0"/></method><method name="add" desc="(II)I" line="8"><counter type="INSTRUCTION" missed="0" covered="4"/><counter type="LINE" missed="0" covered="1"/><counter type="COMPLEXITY" missed="0" covered="1"/><counter type="METHOD" missed="0" covered="1"/></method><method name="subtract" desc="(II)I" line="12"><counter type="INSTRUCTION" missed="0" covered="4"/><counter type="LINE" missed="0" covered="1"/><counter type="COMPLEXITY" missed="0" covered="1"/><counter type="METHOD" missed="0" covered="1"/></method><method name="multiply" desc="(II)I" line="16"><counter type="INSTRUCTION" missed="0" covered="4"/><counter type="LINE" missed="0" covered="1"/><counter type="COMPLEXITY" missed="0" covered="1"/><counter type="METHOD" missed="0" covered="1"/></method><method name="divide" desc="(II)I" line="20"><counter type="INSTRUCTION" missed="0" covered="11"/><counter type="BRANCH" missed="0" covered="2"/><counter type="LINE" missed="0" covered="3"/><counter type="COMPLEXITY" missed="0" covered="2"/><counter type="METHOD" missed="0" covered="1"/></method><counter type="INSTRUCTION" missed="4" covered="26"/><counter type="BRANCH" missed="0" covered="2"/><counter type="LINE" missed="2" covered="7"/><counter type="COMPLEXITY" missed="1" covered="6"/><counter type="METHOD" missed="1" covered="5"/><counter type="CLASS" missed="0" covered="1"/></class><sourcefile name="Calculator.java"><line nr="3" mi="0" ci="3" mb="0" cb="0"/><line nr="5" mi="3" ci="0" mb="0" cb="0"/><line nr="6" mi="1" ci="0" mb="0" cb="0"/><line nr="8" mi="0" ci="4" mb="0" cb="0"/><line nr="12" mi="0" ci="4" mb="0" cb="0"/><line nr="16" mi="0" ci="4" mb="0" cb="0"/><line nr="20" mi="0" ci="2" mb="0" cb="2"/><line nr="21" mi="0" ci="5" mb="0" cb="0"/><line nr="23" mi="0" ci="4" mb="0" cb="0"/><counter type="INSTRUCTION" missed="4" covered="26"/><counter type="BRANCH" missed="0" covered="2"/><counter type="LINE" missed="2" covered="7"/><counter type="COMPLEXITY" missed="1" covered="6"/><counter type="METHOD" missed="1" covered="5"/><counter type="CLASS" missed="0" covered="1"/></sourcefile><counter type="INSTRUCTION" missed="4" covered="26"/><counter type="BRANCH" missed="0" covered="2"/><counter type="LINE" missed="2" covered="7"/><counter type="COMPLEXITY" missed="1" covered="6"/><counter type="METHOD" missed="1" covered="5"/><counter type="CLASS" missed="0" covered="1"/></package><counter type="INSTRUCTION" missed="4" covered="26"/><counter type="BRANCH" missed="0" covered="2"/><counter type="LINE" missed="2" covered="7"/><counter type="COMPLEXITY" missed="1" covered="6"/><counter type="METHOD" missed="1" covered="5"/><counter type="CLASS" missed="0" covered="1"/></report>